<?xml version="1.0" encoding="UTF-8"?>
<!-- Generated by org.testng.reporters.JUnitXMLReporter -->
<testsuite hostname="YK-DZ-4711702" ignored="0" name="Default test" tests="3" failures="0" timestamp="08 十月 2018 05:11:46 GMT" time="8.854" errors="0">
  <testcase name="testCase1" time="0.294" classname="com.test.demo.testcases.CaseDemo"/>
  <testcase name="testCase2" time="0.123" classname="com.test.demo.testcases.CaseDemo"/>
  <testcase name="testCase3" time="0.019" classname="com.test.demo.testcases.CaseDemo"/>
</testsuite> <!-- Default test -->
